1656526272463	geckodriver	INFO	Listening on 127.0.0.1:52198
1656526275496	mozrunner::runner	INFO	Running command: "C:\\Program Files\\Mozilla Firefox\\firefox.exe" "--marionette" "--remote-debugging-port" "52199" "--remote-allow-hosts" "localhost" "-no-remote" "-profile" "C:\\Users\\Casper\\AppData\\Local\\Temp\\rust_mozprofile3y5mQ3"
1656526275743	Marionette	INFO	Marionette enabled
WebDriver BiDi listening on ws://localhost:52199
console.warn: SearchSettings: "get: No settings file exists, new profile?" (new NotFoundError("Could not open the file at C:\\Users\\Casper\\AppData\\Local\\Temp\\rust_mozprofile3y5mQ3\\search.json.mozlz4", (void 0)))
1656526277221	Marionette	INFO	Listening on port 52220
Read port: 52220
DevTools listening on ws://localhost:52199/devtools/browser/a76796b4-c532-4b8d-86c3-ffb7b80fa2c8
1656526277276	RemoteAgent	WARN	TLS certificate errors will be ignored for this session
1656526284579	Marionette	INFO	Stopped listening on port 52220
1656526545821	geckodriver	INFO	Listening on 127.0.0.1:52286
1656526548862	mozrunner::runner	INFO	Running command: "C:\\Program Files\\Mozilla Firefox\\firefox.exe" "--marionette" "--remote-debugging-port" "52287" "--remote-allow-hosts" "localhost" "-no-remote" "-profile" "C:\\Users\\Casper\\AppData\\Local\\Temp\\rust_mozprofileqzUKBR"
1656526549101	Marionette	INFO	Marionette enabled
WebDriver BiDi listening on ws://localhost:52287
console.warn: SearchSettings: "get: No settings file exists, new profile?" (new NotFoundError("Could not open the file at C:\\Users\\Casper\\AppData\\Local\\Temp\\rust_mozprofileqzUKBR\\search.json.mozlz4", (void 0)))
1656526550554	Marionette	INFO	Listening on port 52306
DevTools listening on ws://localhost:52287/devtools/browser/f22c21ad-1a4f-43df-a0eb-42b599cbd6d4
Read port: 52306
1656526550628	RemoteAgent	WARN	TLS certificate errors will be ignored for this session
1656526557784	Marionette	INFO	Stopped listening on port 52306

###!!! [Parent][PGPUParent] Error: RunMessage(msgname=PGPU::Msg_ShutdownVR) Channel closing: too late to send/recv, messages will be lost

[Parent 15888, IPC I/O Parent] WARNING: file /builds/worker/checkouts/gecko/ipc/chromium/src/base/process_util_win.cc:167
1656527205221	geckodriver	INFO	Listening on 127.0.0.1:52437
1656527208256	mozrunner::runner	INFO	Running command: "C:\\Program Files\\Mozilla Firefox\\firefox.exe" "--marionette" "--remote-debugging-port" "52438" "--remote-allow-hosts" "localhost" "-no-remote" "-profile" "C:\\Users\\Casper\\AppData\\Local\\Temp\\rust_mozprofiled7btlV"
1656527208496	Marionette	INFO	Marionette enabled
WebDriver BiDi listening on ws://localhost:52438
console.warn: SearchSettings: "get: No settings file exists, new profile?" (new NotFoundError("Could not open the file at C:\\Users\\Casper\\AppData\\Local\\Temp\\rust_mozprofiled7btlV\\search.json.mozlz4", (void 0)))
1656527210005	Marionette	INFO	Listening on port 52457
Read port: 52457
1656527210037	RemoteAgent	WARN	TLS certificate errors will be ignored for this session
DevTools listening on ws://localhost:52438/devtools/browser/2e98f0c6-0a8f-4f96-abeb-17efafa75f15
1656527217195	Marionette	INFO	Stopped listening on port 52457

###!!! [Parent][PGPUParent] Error: RunMessage(msgname=PGPU::Msg_ShutdownVR) Channel closing: too late to send/recv, messages will be lost

1656527266221	geckodriver	INFO	Listening on 127.0.0.1:52506
1656527269260	mozrunner::runner	INFO	Running command: "C:\\Program Files\\Mozilla Firefox\\firefox.exe" "--marionette" "--remote-debugging-port" "52507" "--remote-allow-hosts" "localhost" "-no-remote" "-profile" "C:\\Users\\Casper\\AppData\\Local\\Temp\\rust_mozprofileBQNUwl"
1656527269509	Marionette	INFO	Marionette enabled
WebDriver BiDi listening on ws://localhost:52507
console.warn: SearchSettings: "get: No settings file exists, new profile?" (new NotFoundError("Could not open the file at C:\\Users\\Casper\\AppData\\Local\\Temp\\rust_mozprofileBQNUwl\\search.json.mozlz4", (void 0)))
1656527271063	Marionette	INFO	Listening on port 52526
DevTools listening on ws://localhost:52507/devtools/browser/4376ec55-8fdb-4dbf-8e83-bffab5e3b536
Read port: 52526
1656527271159	RemoteAgent	WARN	TLS certificate errors will be ignored for this session
1656527278026	Marionette	INFO	Stopped listening on port 52526

###!!! [Parent][PGPUParent] Error: RunMessage(msgname=PGPU::Msg_ShutdownVR) Channel closing: too late to send/recv, messages will be lost

1656527383774	geckodriver	INFO	Listening on 127.0.0.1:52578
1656527386802	mozrunner::runner	INFO	Running command: "C:\\Program Files\\Mozilla Firefox\\firefox.exe" "--marionette" "--remote-debugging-port" "52579" "--remote-allow-hosts" "localhost" "-no-remote" "-profile" "C:\\Users\\Casper\\AppData\\Local\\Temp\\rust_mozprofileJhWt5Y"
1656527387057	Marionette	INFO	Marionette enabled
WebDriver BiDi listening on ws://localhost:52579
console.warn: SearchSettings: "get: No settings file exists, new profile?" (new NotFoundError("Could not open the file at C:\\Users\\Casper\\AppData\\Local\\Temp\\rust_mozprofileJhWt5Y\\search.json.mozlz4", (void 0)))
1656527388577	Marionette	INFO	Listening on port 52598
Read port: 52598
1656527388601	RemoteAgent	WARN	TLS certificate errors will be ignored for this session
DevTools listening on ws://localhost:52579/devtools/browser/0164cb37-f8e7-4333-bda8-e35cf58ce0af
1656527395425	Marionette	INFO	Stopped listening on port 52598
1656527621085	geckodriver	INFO	Listening on 127.0.0.1:53917
1656527624122	mozrunner::runner	INFO	Running command: "C:\\Program Files\\Mozilla Firefox\\firefox.exe" "--marionette" "--remote-debugging-port" "53918" "--remote-allow-hosts" "localhost" "-no-remote" "-profile" "C:\\Users\\Casper\\AppData\\Local\\Temp\\rust_mozprofileFpvQg9"
1656527624371	Marionette	INFO	Marionette enabled
WebDriver BiDi listening on ws://localhost:53918
console.warn: SearchSettings: "get: No settings file exists, new profile?" (new NotFoundError("Could not open the file at C:\\Users\\Casper\\AppData\\Local\\Temp\\rust_mozprofileFpvQg9\\search.json.mozlz4", (void 0)))
1656527625827	Marionette	INFO	Listening on port 53937
DevTools listening on ws://localhost:53918/devtools/browser/598c5fb9-7cf7-45c6-9a1e-a583bc7cfefe
Read port: 53937
1656527625914	RemoteAgent	WARN	TLS certificate errors will be ignored for this session
1656527632891	Marionette	INFO	Stopped listening on port 53937
